#
# An unexpected error has been detected by Java Runtime Environment:
#
#  EXCEPTION_ACCESS_VIOLATION (0xc0000005) at pc=0x79843a4f, pid=7744, tid=9108
#
# Java VM: Java HotSpot(TM) Client VM (11.2-b01 mixed mode windows-x86)
# Problematic frame:
# C  [awt.dll+0x73a4f]
#
# If you would like to submit a bug report, please visit:
#   http://java.sun.com/webapps/bugreport/crash.jsp
# The crash happened outside the Java Virtual Machine in native code.
# See problematic frame for where to report the bug.
#

---------------  T H R E A D  ---------------

Current thread (0x18d2f000):  JavaThread "AWT-Windows" daemon [_thread_in_native, id=9108, stack(0x19700000,0x19780000)]

siginfo: ExceptionCode=0xc0000005, reading address 0xa53ae962

Registers:
EAX=0x18f0eb60, EBX=0x75cc442f, ECX=0x18f0eb60, EDX=0xa53ae95e
ESP=0x1977f5a4, EBP=0x0001a220, ESI=0x195083a8, EDI=0x00000111
EIP=0x79843a4f, EFLAGS=0x00010206

Top of Stack: (sp=0x1977f5a4)
0x1977f5a4:   79846abf 0000a220 00000000 00000001
0x1977f5b4:   0001a220 195083a8 1977f634 00000111
0x1977f5c4:   00000001 1977f608 75a4702c 015c41a0
0x1977f5d4:   00000000 18d2f114 1977f628 7988e5a8
0x1977f5e4:   00000000 7986e0de 00000111 0001a220
0x1977f5f4:   00000000 00000000 000505fa 00000000
0x1977f604:   00000000 7983d8cb 00000111 0001a220
0x1977f614:   00000000 00000000 7983d870 00000000 

Instructions: (pc=0x79843a4f)
0x79843a3f:   29 8d 79 e8 09 66 02 00 85 c0 74 07 8b 10 8b c8
0x79843a4f:   ff 52 04 b8 02 00 00 00 c2 0c 00 50 e8 20 ed ff 


Stack: [0x19700000,0x19780000],  sp=0x1977f5a4,  free space=509k
Native frames: (J=compiled Java code, j=interpreted, Vv=VM code, C=native code)
C  [awt.dll+0x73a4f]

Java frames: (J=compiled Java code, j=interpreted, Vv=VM code)
j  sun.awt.windows.WToolkit.eventLoop()V+0
j  sun.awt.windows.WToolkit.run()V+69
j  java.lang.Thread.run()V+11
v  ~StubRoutines::call_stub

---------------  P R O C E S S  ---------------

Java Threads: ( => current thread )
  0x1924d400 JavaThread "Thread-1516" [_thread_blocked, id=8432, stack(0x1abe0000,0x1ac60000)]
  0x19249c00 JavaThread "Thread-1509" [_thread_blocked, id=9168, stack(0x1a9a0000,0x1aa20000)]
  0x1924fc00 JavaThread "Timer-190" [_thread_blocked, id=8532, stack(0x1ab20000,0x1aba0000)]
  0x19250800 JavaThread "pool-2-thread-1" [_thread_blocked, id=8096, stack(0x1aa60000,0x1aae0000)]
  0x19251000 JavaThread "Thread-103" [_thread_in_native, id=428, stack(0x24800000,0x25000000)]
  0x1924c000 JavaThread "Active Reference Queue Daemon" daemon [_thread_blocked, id=8980, stack(0x07d30000,0x07db0000)]
  0x1924b800 JavaThread "Timer-13" daemon [_thread_blocked, id=8632, stack(0x07c70000,0x07cf0000)]
  0x1924b400 JavaThread "FelixPackageAdmin" daemon [_thread_blocked, id=7468, stack(0x07bb0000,0x07c30000)]
  0x1924ac00 JavaThread "FelixStartLevel" daemon [_thread_blocked, id=8392, stack(0x07af0000,0x07b70000)]
  0x1924a000 JavaThread "FelixDispatchQueue" [_thread_blocked, id=7304, stack(0x07a30000,0x07ab0000)]
  0x1924a800 JavaThread "Timer-12" daemon [_thread_blocked, id=9000, stack(0x1ddc0000,0x1de40000)]
  0x07407800 JavaThread "Prefs Updater" daemon [_thread_blocked, id=7272, stack(0x1caf0000,0x1cb70000)]
  0x1937c800 JavaThread "Timer-1" [_thread_blocked, id=8728, stack(0x1b330000,0x1b3b0000)]
  0x19154400 JavaThread "TimerQueue" daemon [_thread_blocked, id=8384, stack(0x1b1b0000,0x1b230000)]
  0x19107000 JavaThread "AWT-EventQueue-0" [_thread_blocked, id=8516, stack(0x1b080000,0x1b100000)]
  0x18cc9400 JavaThread "AWT-Shutdown" [_thread_blocked, id=8608, stack(0x1b000000,0x1b080000)]
=>0x18d2f000 JavaThread "AWT-Windows" daemon [_thread_in_native, id=9108, stack(0x19700000,0x19780000)]
  0x18d2a000 JavaThread "Java2D Disposer" daemon [_thread_blocked, id=9024, stack(0x19580000,0x19600000)]
  0x1875bc00 JavaThread "Timer-0" [_thread_blocked, id=8184, stack(0x188b0000,0x18930000)]
  0x186d2000 JavaThread "JMI Unnamed Thread" [_thread_in_native, id=8592, stack(0x051d0000,0x059d0000)]
  0x073f6000 JavaThread "Low Memory Detector" daemon [_thread_blocked, id=8700, stack(0x17da0000,0x17e20000)]
  0x073f2000 JavaThread "CompilerThread0" daemon [_thread_blocked, id=7488, stack(0x17560000,0x17d60000)]
  0x073e7800 JavaThread "Attach Listener" daemon [_thread_blocked, id=5624, stack(0x174a0000,0x17520000)]
  0x073aa400 JavaThread "Finalizer" daemon [_thread_blocked, id=8640, stack(0x17390000,0x17410000)]
  0x073a5c00 JavaThread "Reference Handler" daemon [_thread_blocked, id=8112, stack(0x17310000,0x17390000)]
  0x074de400 JavaThread "main" [_thread_in_native, id=7220, stack(0x00440000,0x00c40000)]

Other Threads:
  0x073a0800 VMThread [stack: 0x16b10000,0x17310000] [id=8680]
  0x073f7800 WatcherThread [stack: 0x17e60000,0x18660000] [id=8816]

VM state:not at safepoint (normal execution)

VM Mutex/Monitor currently owned by a thread: None

Heap
 def new generation   total 28544K, used 9225K [0x0ab10000, 0x0ca00000, 0x0cb10000)
  eden space 25408K,  36% used [0x0ab10000, 0x0b40ebc8, 0x0c3e0000)
  from space 3136K,   0% used [0x0c3e0000, 0x0c3e39f0, 0x0c6f0000)
  to   space 3136K,   0% used [0x0c6f0000, 0x0c6f0000, 0x0ca00000)
 tenured generation   total 94840K, used 73163K [0x0cb10000, 0x127ae000, 0x12b10000)
   the space 94840K,  77% used [0x0cb10000, 0x11282ed8, 0x11283000, 0x127ae000)
 compacting perm gen  total 38656K, used 38525K [0x12b10000, 0x150d0000, 0x16b10000)
   the space 38656K,  99% used [0x12b10000, 0x150af598, 0x150af600, 0x150d0000)
No shared spaces configured.

Dynamic libraries:
0x00400000 - 0x00433000 	C:\Users\Johnson\Desktop\MATLAB\R2009b\bin\win32\MATLAB.exe
0x77cd0000 - 0x77e50000 	C:\Windows\SysWOW64\ntdll.dll
0x75cb0000 - 0x75dc0000 	C:\Windows\syswow64\kernel32.dll
0x76250000 - 0x76297000 	C:\Windows\syswow64\KERNELBASE.dll
0x7bae0000 - 0x7bb89000 	C:\Users\Johnson\Desktop\MATLAB\R2009b\bin\win32\libut.dll
0x759f0000 - 0x75a1b000 	C:\Windows\syswow64\imagehlp.dll
0x75b30000 - 0x75bdc000 	C:\Windows\syswow64\msvcrt.dll
0x75c10000 - 0x75cb0000 	C:\Windows\syswow64\ADVAPI32.dll
0x759d0000 - 0x759e9000 	C:\Windows\SysWOW64\sechost.dll
0x776f0000 - 0x777e0000 	C:\Windows\syswow64\RPCRT4.dll
0x756c0000 - 0x75720000 	C:\Windows\syswow64\SspiCli.dll
0x756b0000 - 0x756bc000 	C:\Windows\syswow64\CRYPTBASE.dll
0x758a0000 - 0x758a5000 	C:\Windows\syswow64\PSAPI.DLL
0x7c1c0000 - 0x7c1df000 	C:\Users\Johnson\Desktop\MATLAB\R2009b\bin\win32\LIBEXPAT.dll
0x72c30000 - 0x72ccb000 	C:\Windows\WinSxS\x86_microsoft.vc80.crt_1fc8b3b9a1e18e3b_8.0.50727.6195_none_d09154e044272b9a\MSVCR80.dll
0x7bf40000 - 0x7c028000 	C:\Users\Johnson\Desktop\MATLAB\R2009b\bin\win32\icuuc40.dll
0x7b5e0000 - 0x7b5e4000 	C:\Users\Johnson\Desktop\MATLAB\R2009b\bin\win32\icudt40.dll
0x7b5f0000 - 0x7b5fc000 	C:\Users\Johnson\Desktop\MATLAB\R2009b\bin\win32\icuio40.dll
0x7b830000 - 0x7b928000 	C:\Users\Johnson\Desktop\MATLAB\R2009b\bin\win32\icuin40.dll
0x72ba0000 - 0x72c27000 	C:\Windows\WinSxS\x86_microsoft.vc80.crt_1fc8b3b9a1e18e3b_8.0.50727.6195_none_d09154e044272b9a\MSVCP80.dll
0x75a30000 - 0x75b30000 	C:\Windows\syswow64\USER32.dll
0x75f00000 - 0x75f90000 	C:\Windows\syswow64\GDI32.dll
0x77ca0000 - 0x77caa000 	C:\Windows\syswow64\LPK.dll
0x76010000 - 0x760ad000 	C:\Windows\syswow64\USP10.dll
0x786f0000 - 0x78728000 	C:\Users\Johnson\Desktop\MATLAB\R2009b\bin\win32\libmwfl.dll
0x7d390000 - 0x7d39e000 	C:\Users\Johnson\Desktop\MATLAB\R2009b\bin\win32\boost_date_time-vc80-mt-1_36.dll
0x7d280000 - 0x7d290000 	C:\Users\Johnson\Desktop\MATLAB\R2009b\bin\win32\boost_signals-vc80-mt-1_36.dll
0x7c710000 - 0x7c717000 	C:\Users\Johnson\Desktop\MATLAB\R2009b\bin\win32\boost_system-vc80-mt-1_36.dll
0x7b5d0000 - 0x7b5dc000 	C:\Users\Johnson\Desktop\MATLAB\R2009b\bin\win32\boost_thread-vc80-mt-1_36.dll
0x7bc10000 - 0x7be19000 	C:\Users\Johnson\Desktop\MATLAB\R2009b\bin\win32\libmwservices.dll
0x7bb90000 - 0x7bc0b000 	C:\Users\Johnson\Desktop\MATLAB\R2009b\bin\win32\libmx.dll
0x78bc0000 - 0x78bd3000 	C:\Users\Johnson\Desktop\MATLAB\R2009b\bin\win32\zlib1.dll
0x7be20000 - 0x7bf34000 	C:\Users\Johnson\Desktop\MATLAB\R2009b\bin\win32\libmwmathutil.dll
0x79cf0000 - 0x79d25000 	C:\Users\Johnson\Desktop\MATLAB\R2009b\bin\win32\mpath.dll
0x7c2c0000 - 0x7c2f0000 	C:\Users\Johnson\Desktop\MATLAB\R2009b\bin\win32\mlutil.dll
0x786a0000 - 0x786ce000 	C:\Users\Johnson\Desktop\MATLAB\R2009b\bin\win32\tbb.dll
0x00290000 - 0x00314000 	C:\Windows\WinSxS\x86_microsoft.windows.common-controls_6595b64144ccf1df_5.82.7601.18201_none_ec80f00e8593ece5\COMCTL32.dll
0x75f90000 - 0x7600b000 	C:\Windows\syswow64\comdlg32.dll
0x77240000 - 0x77297000 	C:\Windows\syswow64\SHLWAPI.dll
0x765e0000 - 0x7722a000 	C:\Windows\syswow64\SHELL32.dll
0x72b40000 - 0x72b51000 	C:\Windows\system32\NETAPI32.dll
0x72d10000 - 0x72d19000 	C:\Windows\system32\netutils.dll
0x72b20000 - 0x72b39000 	C:\Windows\system32\srvcli.dll
0x72b10000 - 0x72b1f000 	C:\Windows\system32\wkscli.dll
0x75ec0000 - 0x75ef5000 	C:\Windows\syswow64\WS2_32.dll
0x777e0000 - 0x777e6000 	C:\Windows\syswow64\NSI.dll
0x7d560000 - 0x7d576000 	C:\Users\Johnson\Desktop\MATLAB\R2009b\bin\win32\boost_filesystem-vc80-mt-1_36.dll
0x7a270000 - 0x7a2d0000 	C:\Users\Johnson\Desktop\MATLAB\R2009b\bin\win32\mcr.dll
0x7b600000 - 0x7b64f000 	C:\Users\Johnson\Desktop\MATLAB\R2009b\bin\win32\iqm.dll
0x7a850000 - 0x7ad3b000 	C:\Users\Johnson\Desktop\MATLAB\R2009b\bin\win32\m_interpreter.dll
0x7b660000 - 0x7b66c000 	C:\Users\Johnson\Desktop\MATLAB\R2009b\bin\win32\libmex.dll
0x7a140000 - 0x7a1a4000 	C:\Users\Johnson\Desktop\MATLAB\R2009b\bin\win32\m_dispatcher.dll
0x7d1e0000 - 0x7d23e000 	C:\Users\Johnson\Desktop\MATLAB\R2009b\bin\win32\xmlcore.dll
0x79600000 - 0x797c2000 	C:\Users\Johnson\Desktop\MATLAB\R2009b\bin\win32\xerces-c_2_7.dll
0x7d4b0000 - 0x7d54d000 	C:\Users\Johnson\Desktop\MATLAB\R2009b\bin\win32\boost_regex-vc80-mt-1_36.dll
0x7a050000 - 0x7a0a7000 	C:\Users\Johnson\Desktop\MATLAB\R2009b\bin\win32\profiler.dll
0x7b6c0000 - 0x7b6de000 	C:\Users\Johnson\Desktop\MATLAB\R2009b\bin\win32\libmwmathrng.dll
0x78b40000 - 0x78b52000 	C:\Users\Johnson\Desktop\MATLAB\R2009b\bin\win32\m_pcodeio.dll
0x79cb0000 - 0x79ce7000 	C:\Users\Johnson\Desktop\MATLAB\R2009b\bin\win32\m_ir.dll
0x7a350000 - 0x7a843000 	C:\Users\Johnson\Desktop\MATLAB\R2009b\bin\win32\m_parser.dll
0x7b650000 - 0x7b65e000 	C:\Users\Johnson\Desktop\MATLAB\R2009b\bin\win32\ir_xfmr.dll
0x78730000 - 0x78891000 	C:\Users\Johnson\Desktop\MATLAB\R2009b\bin\win32\mcos.dll
0x7b6f0000 - 0x7b6fa000 	C:\Users\Johnson\Desktop\MATLAB\R2009b\bin\win32\mtok.dll
0x78b20000 - 0x78b36000 	C:\Users\Johnson\Desktop\MATLAB\R2009b\bin\win32\m_pcodegen.dll
0x78a90000 - 0x78aac000 	C:\Users\Johnson\Desktop\MATLAB\R2009b\bin\win32\bridge.dll
0x7b2c0000 - 0x7b344000 	C:\Users\Johnson\Desktop\MATLAB\R2009b\bin\win32\udd.dll
0x7c030000 - 0x7c128000 	C:\Users\Johnson\Desktop\MATLAB\R2009b\bin\win32\libmwgui.dll
0x78c20000 - 0x79034000 	C:\Users\Johnson\Desktop\MATLAB\R2009b\bin\win32\hg.dll
0x78ab0000 - 0x78ad7000 	C:\Users\Johnson\Desktop\MATLAB\R2009b\bin\win32\libmat.dll
0x7b930000 - 0x7bad5000 	C:\Users\Johnson\Desktop\MATLAB\R2009b\bin\win32\libhdf5.dll
0x79c20000 - 0x79c61000 	C:\Users\Johnson\Desktop\MATLAB\R2009b\bin\win32\jmi.dll
0x79920000 - 0x7994c000 	C:\Users\Johnson\Desktop\MATLAB\R2009b\bin\win32\libmwhardcopy.dll
0x79c70000 - 0x79ca9000 	C:\Users\Johnson\Desktop\MATLAB\R2009b\bin\win32\libuij.dll
0x785d0000 - 0x7869f000 	C:\Users\Johnson\Desktop\MATLAB\R2009b\bin\win32\hgdatatypes.dll
0x785a0000 - 0x785d0000 	C:\Users\Johnson\Desktop\MATLAB\R2009b\bin\win32\hgutils.dll
0x78ae0000 - 0x78b11000 	C:\Users\Johnson\Desktop\MATLAB\R2009b\bin\win32\libmwlapack.dll
0x7b680000 - 0x7b68e000 	C:\Users\Johnson\Desktop\MATLAB\R2009b\bin\win32\libmwbinder.dll
0x7b350000 - 0x7b5c4000 	C:\Users\Johnson\Desktop\MATLAB\R2009b\bin\win32\uiw.dll
0x7b730000 - 0x7b739000 	C:\Users\Johnson\Desktop\MATLAB\R2009b\bin\win32\uinone.dll
0x00e70000 - 0x00f7f000 	C:\Windows\WinSxS\x86_microsoft.vc80.mfc_1fc8b3b9a1e18e3b_8.0.50727.6195_none_cbf5e994470a1a8f\MFC80.DLL
0x731e0000 - 0x73231000 	C:\Windows\system32\WINSPOOL.DRV
0x76480000 - 0x765dc000 	C:\Windows\syswow64\ole32.dll
0x75e10000 - 0x75e9f000 	C:\Windows\syswow64\OLEAUT32.dll
0x7a2d0000 - 0x7a346000 	C:\Users\Johnson\Desktop\MATLAB\R2009b\bin\win32\udd_mi.dll
0x78b60000 - 0x78b73000 	C:\Users\Johnson\Desktop\MATLAB\R2009b\bin\win32\mwoles05.DLL
0x7a000000 - 0x7a045000 	C:\Users\Johnson\Desktop\MATLAB\R2009b\bin\win32\comcli.dll
0x00fb0000 - 0x00fcb000 	C:\Windows\WinSxS\x86_microsoft.vc80.atl_1fc8b3b9a1e18e3b_8.0.50727.6195_none_d1cb102c435421de\ATL80.DLL
0x7b6e0000 - 0x7b6eb000 	C:\Users\Johnson\Desktop\MATLAB\R2009b\bin\win32\mlautoregister.dll
0x75970000 - 0x759d0000 	C:\Windows\system32\IMM32.DLL
0x77800000 - 0x778cc000 	C:\Windows\syswow64\MSCTF.dll
0x72150000 - 0x7215b000 	C:\Windows\WinSxS\x86_microsoft.vc80.mfcloc_1fc8b3b9a1e18e3b_8.0.50727.6195_none_03ce2c72205943d3\MFC80CHT.DLL
0x71420000 - 0x714a0000 	C:\Windows\system32\uxtheme.dll
0x010e0000 - 0x010f7000 	C:\Users\Johnson\AppData\Local\AskPartnerNetwork\Toolbar\Updater\IDC\IdcSrvStub.dll
0x72880000 - 0x7289c000 	C:\Windows\system32\IPHLPAPI.DLL
0x72870000 - 0x72877000 	C:\Windows\system32\WINNSI.DLL
0x71aa0000 - 0x71ab2000 	C:\Windows\system32\dhcpcsvc.DLL
0x72aa0000 - 0x72ac1000 	C:\Windows\system32\ntmarta.dll
0x774c0000 - 0x77505000 	C:\Windows\syswow64\WLDAP32.dll
0x77230000 - 0x7723b000 	C:\Windows\syswow64\profapi.dll
0x727a0000 - 0x727e4000 	C:\Windows\system32\DNSAPI.dll
0x71c60000 - 0x71c6d000 	C:\Windows\system32\dhcpcsvc6.DLL
0x72140000 - 0x72143000 	C:\Windows\system32\icmp.Dll
0x799c0000 - 0x79c16000 	C:\Users\Johnson\Desktop\MATLAB\R2009b\sys\java\jre\win32\jre\bin\client\jvm.dll
0x72b60000 - 0x72b92000 	C:\Windows\system32\WINMM.dll
0x7c1e0000 - 0x7c236000 	C:\Users\Johnson\Desktop\MATLAB\R2009b\bin\win32\MSVCR71.dll
0x732d0000 - 0x7331c000 	C:\Windows\system32\apphelp.dll
0x059d0000 - 0x05abb000 	C:\Windows\syswow64\dbghelp.dll
0x03db0000 - 0x03dc3000 	C:\Windows\system32\dwmapi.dll
0x758d0000 - 0x75953000 	C:\Windows\syswow64\CLBCatQ.DLL
0x7a100000 - 0x7a108000 	C:\Users\Johnson\Desktop\MATLAB\R2009b\sys\java\jre\win32\jre\bin\hpi.dll
0x7a120000 - 0x7a12c000 	C:\Users\Johnson\Desktop\MATLAB\R2009b\sys\java\jre\win32\jre\bin\verify.dll
0x78be0000 - 0x78bff000 	C:\Users\Johnson\Desktop\MATLAB\R2009b\sys\java\jre\win32\jre\bin\java.dll
0x7a130000 - 0x7a13f000 	C:\Users\Johnson\Desktop\MATLAB\R2009b\sys\java\jre\win32\jre\bin\zip.dll
0x78b80000 - 0x78b98000 	C:\Users\Johnson\Desktop\MATLAB\R2009b\bin\win32\nativejava.dll
0x78ba0000 - 0x78bbf000 	C:\Users\Johnson\Desktop\MATLAB\R2009b\bin\win32\nativejmi.dll
0x7b720000 - 0x7b726000 	C:\Users\Johnson\Desktop\MATLAB\R2009b\bin\win32\nativeservices.dll
0x797d0000 - 0x7991a000 	C:\Users\Johnson\Desktop\MATLAB\R2009b\sys\java\jre\win32\jre\bin\awt.dll
0x7a1b0000 - 0x7a204000 	C:\Users\Johnson\Desktop\MATLAB\R2009b\sys\java\jre\win32\jre\bin\fontmanager.dll
0x78c00000 - 0x78c13000 	C:\Users\Johnson\Desktop\MATLAB\R2009b\sys\java\jre\win32\jre\bin\net.dll
0x72810000 - 0x7284c000 	C:\Windows\system32\mswsock.dll
0x72750000 - 0x72756000 	C:\Windows\System32\wship6.dll
0x7a110000 - 0x7a119000 	C:\Users\Johnson\Desktop\MATLAB\R2009b\sys\java\jre\win32\jre\bin\nio.dll
0x72730000 - 0x72746000 	C:\Windows\system32\CRYPTSP.dll
0x726f0000 - 0x7272b000 	C:\Windows\system32\rsaenh.dll
0x758b0000 - 0x758c7000 	C:\Windows\syswow64\USERENV.dll
0x71d10000 - 0x71d20000 	C:\Windows\system32\NLAapi.dll
0x71d00000 - 0x71d10000 	C:\Windows\system32\napinsp.dll
0x71ce0000 - 0x71cf2000 	C:\Windows\system32\pnrpnsp.dll

VM Arguments:
jvm_args: -Xss512k -XX:PermSize=32m -Xms64m -XX:NewRatio=3 -XX:MaxPermSize=64m -Xmx128m -XX:MaxDirectMemorySize=1200000000 -Dsun.java2d.noddraw=true -Dsun.awt.nopixfmt=true -Xshare:off -Xrs -Djava.library.path=C:\Users\Johnson\Desktop\MATLAB\R2009b\bin\win32 vfprintf abort 
java_command: <unknown>
Launcher Type: generic

Environment Variables:
PATH=C:\Users\Johnson\Desktop\MATLAB\R2009b\sys\java\jre\win32\jre\bin;C:\Users\Johnson\Desktop\MATLAB\R2009b\sys\webrenderer\windows\corecomponents;C:\Users\Johnson\Desktop\MATLAB\R2009b\sys\webrenderer\windows;C:\Program Files\Common Files\Microsoft Shared\Windows Live;C:\Program Files (x86)\Common Files\Microsoft Shared\Windows Live;C:\Windows\system32;C:\Windows;C:\Windows\System32\Wbem;C:\Windows\System32\WindowsPowerShell\v1.0\;c:\Program Files (x86)\ATI Technologies\ATI.ACE\Core-Static;C:\Program Files\Dell\DW WLAN Card;C:\Program Files (x86)\Windows Live\Shared;C:\Program Files (x86)\Common Files\Roxio Shared\DLLShared\;C:\Program Files (x86)\Common Files\Roxio Shared\OEM\DLLShared\;C:\Program Files (x86)\Common Files\Roxio Shared\OEM\DLLShared\;C:\Program Files (x86)\Common Files\Roxio Shared\OEM\12.0\DLLShared\;C:\Program Files (x86)\Roxio\OEM\AudioCore\;C:\Program Files\MATLAB\R2011a\bin;C:\Program Files\MATLAB\R2009b\bin;C:\Program Files\SlikSvn\bin;c:\Program Files (x86)\Microsoft SQL Server\90\Tools\binn\
USERNAME=Johnson
OS=Windows_NT
PROCESSOR_IDENTIFIER=AMD64 Family 16 Model 6 Stepping 2, AuthenticAMD



---------------  S Y S T E M  ---------------

OS: Windows NT 6.1 Build 7601 Service Pack 1

CPU:total 2 (2 cores per cpu, 1 threads per core) family 16 model 6 stepping 2, cmov, cx8, fxsr, mmx, sse, sse2, sse3, mmxext, 3dnow, 3dnowext, sse4a

Memory: 4k page, physical 3928012k(2253856k free), swap 4194303k(4194303k free)

vm_info: Java HotSpot(TM) Client VM (11.2-b01) for windows-x86 JRE (1.6.0_12-b04), built on Jan 17 2009 09:57:14 by "java_re" with MS VC++ 7.1

time: Wed Oct 08 09:27:41 2014
elapsed time: 38918 seconds

